2025-09-13 01:16:43.532 | INFO | ==================== 日志系统初始化 ====================
2025-09-13 01:16:43.783 | INFO | 模板目录: templates\exploration
2025-09-13 01:16:43.783 | INFO | 模板目录存在: False
2025-09-13 01:16:43.784 | DEBUG | 检查模板文件: templates\exploration\res_e_exploration_open.png
2025-09-13 01:16:43.784 | ERROR | 模板文件不存在: templates\exploration\res_e_exploration_open.png
2025-09-13 01:16:43.793 | DEBUG | 检查模板文件: templates\exploration\res_exploration_title.png
2025-09-13 01:16:43.793 | ERROR | 模板文件不存在: templates\exploration\res_exploration_title.png
2025-09-13 01:16:43.794 | DEBUG | 检查模板文件: templates\exploration\res_e_settings_button.png
2025-09-13 01:16:43.794 | ERROR | 模板文件不存在: templates\exploration\res_e_settings_button.png
2025-09-13 01:16:43.794 | DEBUG | 检查模板文件: templates\exploration\res_e_exploration_click.png
2025-09-13 01:16:43.794 | ERROR | 模板文件不存在: templates\exploration\res_e_exploration_click.png
2025-09-13 01:16:43.794 | DEBUG | 检查模板文件: templates\exploration\res_e_open_settings.png
2025-09-13 01:16:43.794 | ERROR | 模板文件不存在: templates\exploration\res_e_open_settings.png
2025-09-13 01:16:43.794 | DEBUG | 检查模板文件: templates\exploration\res_normal_battle_button.png
2025-09-13 01:16:43.794 | ERROR | 模板文件不存在: templates\exploration\res_normal_battle_button.png
2025-09-13 01:16:43.794 | DEBUG | 检查模板文件: templates\exploration\res_boss_battle_button.png
2025-09-13 01:16:43.794 | ERROR | 模板文件不存在: templates\exploration\res_boss_battle_button.png
2025-09-13 01:16:43.794 | DEBUG | 检查模板文件: templates\exploration\res_battle_start.png
2025-09-13 01:16:43.794 | ERROR | 模板文件不存在: templates\exploration\res_battle_start.png
2025-09-13 01:16:43.795 | DEBUG | 检查模板文件: templates\exploration\res_treasure_box_click.png
2025-09-13 01:16:43.795 | ERROR | 模板文件不存在: templates\exploration\res_treasure_box_click.png
2025-09-13 01:16:43.795 | DEBUG | 检查模板文件: templates\exploration\res_get_reward.png
2025-09-13 01:16:43.795 | ERROR | 模板文件不存在: templates\exploration\res_get_reward.png
2025-09-13 01:16:43.795 | DEBUG | 检查模板文件: templates\exploration\res_battle_reward.png
2025-09-13 01:16:43.795 | ERROR | 模板文件不存在: templates\exploration\res_battle_reward.png
2025-09-13 01:16:43.795 | DEBUG | 检查模板文件: templates\exploration\res_e_auto_rotate_on.png
2025-09-13 01:16:43.795 | ERROR | 模板文件不存在: templates\exploration\res_e_auto_rotate_on.png
2025-09-13 01:16:43.795 | DEBUG | 检查模板文件: templates\exploration\res_e_auto_rotate_off.png
2025-09-13 01:16:43.795 | ERROR | 模板文件不存在: templates\exploration\res_e_auto_rotate_off.png
2025-09-13 01:16:43.795 | DEBUG | 检查模板文件: templates\exploration\res_e_enter_choose_rarity.png
2025-09-13 01:16:43.795 | ERROR | 模板文件不存在: templates\exploration\res_e_enter_choose_rarity.png
2025-09-13 01:16:43.795 | DEBUG | 检查模板文件: templates\exploration\res_e_n_rarity.png
2025-09-13 01:16:43.795 | ERROR | 模板文件不存在: templates\exploration\res_e_n_rarity.png
2025-09-13 01:16:43.796 | DEBUG | 检查模板文件: templates\exploration\res_e_s_rarity.png
2025-09-13 01:16:43.796 | ERROR | 模板文件不存在: templates\exploration\res_e_s_rarity.png
2025-09-13 01:16:43.796 | DEBUG | 检查模板文件: templates\exploration\res_e_ratate_exsit.png
2025-09-13 01:16:43.796 | ERROR | 模板文件不存在: templates\exploration\res_e_ratate_exsit.png
2025-09-13 01:16:43.796 | DEBUG | 检查模板文件: templates\exploration\res_e_sure_button.png
2025-09-13 01:16:43.797 | ERROR | 模板文件不存在: templates\exploration\res_e_sure_button.png
2025-09-13 01:16:43.797 | DEBUG | 检查模板文件: templates\exploration\res_team_emoji.png
2025-09-13 01:16:43.797 | ERROR | 模板文件不存在: templates\exploration\res_team_emoji.png
2025-09-13 01:16:43.797 | DEBUG | 检查模板文件: templates\exploration\res_exp_create_team.png
2025-09-13 01:16:43.797 | ERROR | 模板文件不存在: templates\exploration\res_exp_create_team.png
2025-09-13 01:16:43.797 | DEBUG | 检查模板文件: templates\exploration\res_exp_create_ensure.png
2025-09-13 01:16:43.797 | ERROR | 模板文件不存在: templates\exploration\res_exp_create_ensure.png
2025-09-13 01:16:43.797 | DEBUG | 检查模板文件: templates\exploration\res_swipe_end.png
2025-09-13 01:16:43.797 | ERROR | 模板文件不存在: templates\exploration\res_swipe_end.png
2025-09-13 01:16:43.797 | DEBUG | 检查模板文件: templates\exploration\res_e_exit_confirm.png
2025-09-13 01:16:43.797 | ERROR | 模板文件不存在: templates\exploration\res_e_exit_confirm.png
2025-09-13 01:16:43.797 | DEBUG | 检查模板文件: templates\exploration\res_red_close.png
2025-09-13 01:16:43.797 | ERROR | 模板文件不存在: templates\exploration\res_red_close.png
2025-09-13 01:16:43.797 | INFO | 任务配置:
2025-09-13 01:16:43.798 | INFO | 探索章节: 第八章
2025-09-13 01:16:43.798 | INFO | UP类型: 经验UP
2025-09-13 01:16:43.798 | INFO | 战斗次数: 1111
2025-09-13 01:16:43.798 | INFO | 时间限制: 1:51:00
2025-09-13 01:16:43.798 | INFO | 启动探索任务
2025-09-13 01:16:43.798 | INFO | 
2025-09-13 01:16:43.798 | INFO | >>> 开始任务: 探索任务 <<<
2025-09-13 01:16:43.798 | INFO | 
2025-09-13 01:16:43.798 | INFO | >>> 开始执行探索任务 - 第八章 <<<
2025-09-13 01:16:43.799 | INFO | 正在进入探索界面...
2025-09-13 01:16:44.044 | WARNING | 未找到探索入口，可能已在探索界面
2025-09-13 01:16:44.044 | INFO | 正在选择章节: 第八章
2025-09-13 01:17:12.194 | INFO | 滑动寻找章节，第1次
2025-09-13 01:17:13.278 | INFO | 滑动寻找章节，第2次
2025-09-13 01:17:13.693 | INFO | 
2025-09-13 01:17:13.693 | INFO | >>> 探索任务统计 <<<
2025-09-13 01:17:13.693 | INFO | 任务时长: 0:00:29.894207
2025-09-13 01:17:13.693 | INFO | 战斗次数: 0
2025-09-13 01:17:13.693 | INFO | 经验怪物: 0
2025-09-13 01:17:13.693 | INFO | 金币怪物: 0
2025-09-13 01:17:13.693 | INFO | 达摩怪物: 0
2025-09-13 01:17:13.693 | INFO | 宝箱收集: 0
2025-09-13 01:17:13.693 | ERROR | 探索任务失败
