2025-09-13 01:34:57.572 | INFO | ==================== 日志系统初始化 ====================
2025-09-13 01:34:57.797 | INFO | 模板目录: templates\exploration\res
2025-09-13 01:34:57.797 | INFO | 模板目录存在: True
2025-09-13 01:34:57.797 | DEBUG | 检查模板文件: templates\exploration\res\res_e_exploration_open.png
2025-09-13 01:34:57.797 | DEBUG | 文件存在，尝试加载: templates\exploration\res\res_e_exploration_open.png
2025-09-13 01:34:57.808 | INFO | 成功加载模板: entrance
2025-09-13 01:34:57.808 | DEBUG | 检查模板文件: templates\exploration\res\res_exploration_title.png
2025-09-13 01:34:57.809 | DEBUG | 文件存在，尝试加载: templates\exploration\res\res_exploration_title.png
2025-09-13 01:34:57.809 | INFO | 成功加载模板: main
2025-09-13 01:34:57.809 | DEBUG | 检查模板文件: templates\exploration\res\res_e_settings_button.png
2025-09-13 01:34:57.809 | DEBUG | 文件存在，尝试加载: templates\exploration\res\res_e_settings_button.png
2025-09-13 01:34:57.809 | INFO | 成功加载模板: settings_button
2025-09-13 01:34:57.809 | DEBUG | 检查模板文件: templates\exploration\res\res_e_exploration_click.png
2025-09-13 01:34:57.810 | DEBUG | 文件存在，尝试加载: templates\exploration\res\res_e_exploration_click.png
2025-09-13 01:34:57.810 | INFO | 成功加载模板: exploration_click
2025-09-13 01:34:57.810 | DEBUG | 检查模板文件: templates\exploration\res\res_e_open_settings.png
2025-09-13 01:34:57.810 | DEBUG | 文件存在，尝试加载: templates\exploration\res\res_e_open_settings.png
2025-09-13 01:34:57.811 | INFO | 成功加载模板: open_settings
2025-09-13 01:34:57.811 | DEBUG | 检查模板文件: templates\exploration\res\res_normal_battle_button.png
2025-09-13 01:34:57.811 | DEBUG | 文件存在，尝试加载: templates\exploration\res\res_normal_battle_button.png
2025-09-13 01:34:57.811 | INFO | 成功加载模板: normal_monster
2025-09-13 01:34:57.811 | DEBUG | 检查模板文件: templates\exploration\res\res_boss_battle_button.png
2025-09-13 01:34:57.811 | DEBUG | 文件存在，尝试加载: templates\exploration\res\res_boss_battle_button.png
2025-09-13 01:34:57.812 | INFO | 成功加载模板: boss_monster
2025-09-13 01:34:57.812 | DEBUG | 检查模板文件: templates\exploration\res\res_battle_start.png
2025-09-13 01:34:57.812 | DEBUG | 文件存在，尝试加载: templates\exploration\res\res_battle_start.png
2025-09-13 01:34:57.812 | INFO | 成功加载模板: battle_start
2025-09-13 01:34:57.812 | DEBUG | 检查模板文件: templates\exploration\res\res_treasure_box_click.png
2025-09-13 01:34:57.812 | DEBUG | 文件存在，尝试加载: templates\exploration\res\res_treasure_box_click.png
2025-09-13 01:34:57.812 | INFO | 成功加载模板: treasure_box
2025-09-13 01:34:57.812 | DEBUG | 检查模板文件: templates\exploration\res\res_get_reward.png
2025-09-13 01:34:57.812 | DEBUG | 文件存在，尝试加载: templates\exploration\res\res_get_reward.png
2025-09-13 01:34:57.813 | INFO | 成功加载模板: get_reward
2025-09-13 01:34:57.813 | DEBUG | 检查模板文件: templates\exploration\res\res_battle_reward.png
2025-09-13 01:34:57.813 | DEBUG | 文件存在，尝试加载: templates\exploration\res\res_battle_reward.png
2025-09-13 01:34:57.813 | INFO | 成功加载模板: battle_reward
2025-09-13 01:34:57.814 | DEBUG | 检查模板文件: templates\exploration\res\res_e_auto_rotate_on.png
2025-09-13 01:34:57.814 | DEBUG | 文件存在，尝试加载: templates\exploration\res\res_e_auto_rotate_on.png
2025-09-13 01:34:57.814 | INFO | 成功加载模板: auto_rotate_on
2025-09-13 01:34:57.814 | DEBUG | 检查模板文件: templates\exploration\res\res_e_auto_rotate_off.png
2025-09-13 01:34:57.814 | DEBUG | 文件存在，尝试加载: templates\exploration\res\res_e_auto_rotate_off.png
2025-09-13 01:34:57.814 | INFO | 成功加载模板: auto_rotate_off
2025-09-13 01:34:57.814 | DEBUG | 检查模板文件: templates\exploration\res\res_e_enter_choose_rarity.png
2025-09-13 01:34:57.814 | DEBUG | 文件存在，尝试加载: templates\exploration\res\res_e_enter_choose_rarity.png
2025-09-13 01:34:57.815 | INFO | 成功加载模板: enter_choose_rarity
2025-09-13 01:34:57.815 | DEBUG | 检查模板文件: templates\exploration\res\res_e_n_rarity.png
2025-09-13 01:34:57.815 | DEBUG | 文件存在，尝试加载: templates\exploration\res\res_e_n_rarity.png
2025-09-13 01:34:57.815 | INFO | 成功加载模板: n_rarity
2025-09-13 01:34:57.815 | DEBUG | 检查模板文件: templates\exploration\res\res_e_s_rarity.png
2025-09-13 01:34:57.815 | DEBUG | 文件存在，尝试加载: templates\exploration\res\res_e_s_rarity.png
2025-09-13 01:34:57.815 | INFO | 成功加载模板: s_rarity
2025-09-13 01:34:57.816 | DEBUG | 检查模板文件: templates\exploration\res\res_e_ratate_exsit.png
2025-09-13 01:34:57.816 | DEBUG | 文件存在，尝试加载: templates\exploration\res\res_e_ratate_exsit.png
2025-09-13 01:34:57.816 | INFO | 成功加载模板: rotate_exist
2025-09-13 01:34:57.816 | DEBUG | 检查模板文件: templates\exploration\res\res_e_sure_button.png
2025-09-13 01:34:57.816 | DEBUG | 文件存在，尝试加载: templates\exploration\res\res_e_sure_button.png
2025-09-13 01:34:57.817 | INFO | 成功加载模板: sure_button
2025-09-13 01:34:57.817 | DEBUG | 检查模板文件: templates\exploration\res\res_team_emoji.png
2025-09-13 01:34:57.817 | DEBUG | 文件存在，尝试加载: templates\exploration\res\res_team_emoji.png
2025-09-13 01:34:57.818 | INFO | 成功加载模板: team_emoji
2025-09-13 01:34:57.818 | DEBUG | 检查模板文件: templates\exploration\res\res_exp_create_team.png
2025-09-13 01:34:57.818 | DEBUG | 文件存在，尝试加载: templates\exploration\res\res_exp_create_team.png
2025-09-13 01:34:57.818 | INFO | 成功加载模板: create_team
2025-09-13 01:34:57.818 | DEBUG | 检查模板文件: templates\exploration\res\res_exp_create_ensure.png
2025-09-13 01:34:57.818 | DEBUG | 文件存在，尝试加载: templates\exploration\res\res_exp_create_ensure.png
2025-09-13 01:34:57.818 | INFO | 成功加载模板: create_ensure
2025-09-13 01:34:57.818 | DEBUG | 检查模板文件: templates\exploration\res\res_swipe_end.png
2025-09-13 01:34:57.818 | DEBUG | 文件存在，尝试加载: templates\exploration\res\res_swipe_end.png
2025-09-13 01:34:57.819 | INFO | 成功加载模板: swipe_end
2025-09-13 01:34:57.819 | DEBUG | 检查模板文件: templates\exploration\res\res_e_exit_confirm.png
2025-09-13 01:34:57.819 | DEBUG | 文件存在，尝试加载: templates\exploration\res\res_e_exit_confirm.png
2025-09-13 01:34:57.819 | INFO | 成功加载模板: exit_confirm
2025-09-13 01:34:57.819 | DEBUG | 检查模板文件: templates\exploration\res\res_red_close.png
2025-09-13 01:34:57.819 | DEBUG | 文件存在，尝试加载: templates\exploration\res\res_red_close.png
2025-09-13 01:34:57.820 | INFO | 成功加载模板: red_close
2025-09-13 01:34:57.820 | INFO | 模板目录: templates\exploration\res
2025-09-13 01:34:57.820 | INFO | 模板目录存在: True
2025-09-13 01:34:57.820 | DEBUG | 检查模板文件: templates\exploration\res\res_e_exploration_open.png
2025-09-13 01:34:57.820 | DEBUG | 文件存在，尝试加载: templates\exploration\res\res_e_exploration_open.png
2025-09-13 01:34:57.820 | INFO | 成功加载模板: entrance
2025-09-13 01:34:57.820 | DEBUG | 检查模板文件: templates\exploration\res\res_exploration_title.png
2025-09-13 01:34:57.820 | DEBUG | 文件存在，尝试加载: templates\exploration\res\res_exploration_title.png
2025-09-13 01:34:57.821 | INFO | 成功加载模板: main
2025-09-13 01:34:57.821 | DEBUG | 检查模板文件: templates\exploration\res\res_e_settings_button.png
2025-09-13 01:34:57.821 | DEBUG | 文件存在，尝试加载: templates\exploration\res\res_e_settings_button.png
2025-09-13 01:34:57.821 | INFO | 成功加载模板: settings_button
2025-09-13 01:34:57.821 | DEBUG | 检查模板文件: templates\exploration\res\res_e_exploration_click.png
2025-09-13 01:34:57.821 | DEBUG | 文件存在，尝试加载: templates\exploration\res\res_e_exploration_click.png
2025-09-13 01:34:57.821 | INFO | 成功加载模板: exploration_click
2025-09-13 01:34:57.821 | DEBUG | 检查模板文件: templates\exploration\res\res_e_open_settings.png
2025-09-13 01:34:57.821 | DEBUG | 文件存在，尝试加载: templates\exploration\res\res_e_open_settings.png
2025-09-13 01:34:57.822 | INFO | 成功加载模板: open_settings
2025-09-13 01:34:57.822 | DEBUG | 检查模板文件: templates\exploration\res\res_normal_battle_button.png
2025-09-13 01:34:57.822 | DEBUG | 文件存在，尝试加载: templates\exploration\res\res_normal_battle_button.png
2025-09-13 01:34:57.822 | INFO | 成功加载模板: normal_monster
2025-09-13 01:34:57.822 | DEBUG | 检查模板文件: templates\exploration\res\res_boss_battle_button.png
2025-09-13 01:34:57.822 | DEBUG | 文件存在，尝试加载: templates\exploration\res\res_boss_battle_button.png
2025-09-13 01:34:57.822 | INFO | 成功加载模板: boss_monster
2025-09-13 01:34:57.822 | DEBUG | 检查模板文件: templates\exploration\res\res_battle_start.png
2025-09-13 01:34:57.823 | DEBUG | 文件存在，尝试加载: templates\exploration\res\res_battle_start.png
2025-09-13 01:34:57.823 | INFO | 成功加载模板: battle_start
2025-09-13 01:34:57.823 | DEBUG | 检查模板文件: templates\exploration\res\res_treasure_box_click.png
2025-09-13 01:34:57.823 | DEBUG | 文件存在，尝试加载: templates\exploration\res\res_treasure_box_click.png
2025-09-13 01:34:57.823 | INFO | 成功加载模板: treasure_box
2025-09-13 01:34:57.824 | DEBUG | 检查模板文件: templates\exploration\res\res_get_reward.png
2025-09-13 01:34:57.824 | DEBUG | 文件存在，尝试加载: templates\exploration\res\res_get_reward.png
2025-09-13 01:34:57.824 | INFO | 成功加载模板: get_reward
2025-09-13 01:34:57.824 | DEBUG | 检查模板文件: templates\exploration\res\res_battle_reward.png
2025-09-13 01:34:57.824 | DEBUG | 文件存在，尝试加载: templates\exploration\res\res_battle_reward.png
2025-09-13 01:34:57.824 | INFO | 成功加载模板: battle_reward
2025-09-13 01:34:57.825 | DEBUG | 检查模板文件: templates\exploration\res\res_e_auto_rotate_on.png
2025-09-13 01:34:57.825 | DEBUG | 文件存在，尝试加载: templates\exploration\res\res_e_auto_rotate_on.png
2025-09-13 01:34:57.825 | INFO | 成功加载模板: auto_rotate_on
2025-09-13 01:34:57.825 | DEBUG | 检查模板文件: templates\exploration\res\res_e_auto_rotate_off.png
2025-09-13 01:34:57.825 | DEBUG | 文件存在，尝试加载: templates\exploration\res\res_e_auto_rotate_off.png
2025-09-13 01:34:57.825 | INFO | 成功加载模板: auto_rotate_off
2025-09-13 01:34:57.825 | DEBUG | 检查模板文件: templates\exploration\res\res_e_enter_choose_rarity.png
2025-09-13 01:34:57.825 | DEBUG | 文件存在，尝试加载: templates\exploration\res\res_e_enter_choose_rarity.png
2025-09-13 01:34:57.826 | INFO | 成功加载模板: enter_choose_rarity
2025-09-13 01:34:57.826 | DEBUG | 检查模板文件: templates\exploration\res\res_e_n_rarity.png
2025-09-13 01:34:57.826 | DEBUG | 文件存在，尝试加载: templates\exploration\res\res_e_n_rarity.png
2025-09-13 01:34:57.826 | INFO | 成功加载模板: n_rarity
2025-09-13 01:34:57.826 | DEBUG | 检查模板文件: templates\exploration\res\res_e_s_rarity.png
2025-09-13 01:34:57.826 | DEBUG | 文件存在，尝试加载: templates\exploration\res\res_e_s_rarity.png
2025-09-13 01:34:57.826 | INFO | 成功加载模板: s_rarity
2025-09-13 01:34:57.827 | DEBUG | 检查模板文件: templates\exploration\res\res_e_ratate_exsit.png
2025-09-13 01:34:57.827 | DEBUG | 文件存在，尝试加载: templates\exploration\res\res_e_ratate_exsit.png
2025-09-13 01:34:57.828 | INFO | 成功加载模板: rotate_exist
2025-09-13 01:34:57.828 | DEBUG | 检查模板文件: templates\exploration\res\res_e_sure_button.png
2025-09-13 01:34:57.828 | DEBUG | 文件存在，尝试加载: templates\exploration\res\res_e_sure_button.png
2025-09-13 01:34:57.828 | INFO | 成功加载模板: sure_button
2025-09-13 01:34:57.828 | DEBUG | 检查模板文件: templates\exploration\res\res_team_emoji.png
2025-09-13 01:34:57.828 | DEBUG | 文件存在，尝试加载: templates\exploration\res\res_team_emoji.png
2025-09-13 01:34:57.828 | INFO | 成功加载模板: team_emoji
2025-09-13 01:34:57.828 | DEBUG | 检查模板文件: templates\exploration\res\res_exp_create_team.png
2025-09-13 01:34:57.829 | DEBUG | 文件存在，尝试加载: templates\exploration\res\res_exp_create_team.png
2025-09-13 01:34:57.829 | INFO | 成功加载模板: create_team
2025-09-13 01:34:57.829 | DEBUG | 检查模板文件: templates\exploration\res\res_exp_create_ensure.png
2025-09-13 01:34:57.829 | DEBUG | 文件存在，尝试加载: templates\exploration\res\res_exp_create_ensure.png
2025-09-13 01:34:57.829 | INFO | 成功加载模板: create_ensure
2025-09-13 01:34:57.830 | DEBUG | 检查模板文件: templates\exploration\res\res_swipe_end.png
2025-09-13 01:34:57.830 | DEBUG | 文件存在，尝试加载: templates\exploration\res\res_swipe_end.png
2025-09-13 01:34:57.830 | INFO | 成功加载模板: swipe_end
2025-09-13 01:34:57.831 | DEBUG | 检查模板文件: templates\exploration\res\res_e_exit_confirm.png
2025-09-13 01:34:57.831 | DEBUG | 文件存在，尝试加载: templates\exploration\res\res_e_exit_confirm.png
2025-09-13 01:34:57.831 | INFO | 成功加载模板: exit_confirm
2025-09-13 01:34:57.831 | DEBUG | 检查模板文件: templates\exploration\res\res_red_close.png
2025-09-13 01:34:57.831 | DEBUG | 文件存在，尝试加载: templates\exploration\res\res_red_close.png
2025-09-13 01:34:57.832 | INFO | 成功加载模板: red_close
