2025-09-12 23:46:44.889 | INFO | ==================== 日志系统初始化 ====================
2025-09-12 23:46:45.115 | INFO | 加载模板: start_button -> templates\start_button.png
2025-09-12 23:46:45.115 | INFO | 加载模板: end_button -> templates\end_button.png
2025-09-12 23:46:45.115 | INFO | 加载模板: battle_icon -> templates\battle\battle_icon.png
2025-09-12 23:46:45.116 | INFO | 注册任务: 周年庆活动
2025-09-12 23:46:49.383 | INFO | 
2025-09-12 23:46:49.383 | INFO | >>> 开始任务: 周年庆活动 <<<
2025-09-12 23:46:49.383 | INFO | 
2025-09-12 23:46:49.383 | INFO | >>> 开始执行周年庆活动任务 <<<
2025-09-12 23:46:49.749 | INFO | end_button匹配成功，置信度满足阈值0.8
2025-09-12 23:46:49.749 | INFO | end_button点击模拟器右下角坐标: (1230, 670) (模板识别位置: 929, 430)
2025-09-12 23:46:49.879 | INFO | 点击end_button @ (1230, 670) (模板坐标: 929, 430)
2025-09-12 23:46:49.879 | INFO | 第1轮: 点击end_button成功
2025-09-12 23:46:51.322 | INFO | 页面过渡完成，稳定检测次数: 3
2025-09-12 23:46:51.322 | INFO | 页面过渡完成
2025-09-12 23:46:51.777 | INFO | start_button匹配成功，置信度满足阈值0.8
2025-09-12 23:46:51.899 | INFO | 点击start_button @ (1181, 620) (模板坐标: 1143, 602)
2025-09-12 23:46:51.899 | INFO | 第2轮: 点击start_button成功
2025-09-12 23:46:52.281 | INFO | start_button匹配成功，置信度满足阈值0.8
2025-09-12 23:46:52.414 | INFO | 点击start_button @ (1141, 644) (模板坐标: 1143, 602)
2025-09-12 23:46:52.414 | INFO | 第3轮: 点击start_button成功
2025-09-12 23:46:55.080 | DEBUG | 检测到副本攻略状态
2025-09-12 23:46:55.080 | DEBUG | 检测到战斗状态，等待战斗结束
2025-09-12 23:46:55.080 | INFO | 第9轮: 执行战斗操作
2025-09-12 23:46:55.962 | DEBUG | 检测到副本攻略状态
2025-09-12 23:46:55.962 | DEBUG | 检测到战斗状态，等待战斗结束
2025-09-12 23:46:55.962 | INFO | 第10轮: 执行战斗操作
2025-09-12 23:46:56.845 | DEBUG | 检测到副本攻略状态
2025-09-12 23:46:56.845 | DEBUG | 检测到战斗状态，等待战斗结束
2025-09-12 23:46:56.845 | INFO | 第11轮: 执行战斗操作
2025-09-12 23:46:57.732 | DEBUG | 检测到副本攻略状态
2025-09-12 23:46:57.732 | DEBUG | 检测到战斗状态，等待战斗结束
2025-09-12 23:46:57.732 | INFO | 第12轮: 执行战斗操作
2025-09-12 23:46:58.578 | DEBUG | 检测到副本攻略状态
2025-09-12 23:46:58.578 | DEBUG | 检测到战斗状态，等待战斗结束
2025-09-12 23:46:58.579 | INFO | 第13轮: 执行战斗操作
2025-09-12 23:46:59.475 | DEBUG | 检测到副本攻略状态
2025-09-12 23:46:59.476 | DEBUG | 检测到战斗状态，等待战斗结束
2025-09-12 23:46:59.476 | INFO | 第14轮: 执行战斗操作
2025-09-12 23:47:00.347 | DEBUG | 检测到副本攻略状态
2025-09-12 23:47:00.347 | DEBUG | 检测到战斗状态，等待战斗结束
2025-09-12 23:47:00.348 | INFO | 第15轮: 执行战斗操作
2025-09-12 23:47:01.183 | DEBUG | 检测到副本攻略状态
2025-09-12 23:47:01.184 | DEBUG | 检测到战斗状态，等待战斗结束
2025-09-12 23:47:01.184 | INFO | 第16轮: 执行战斗操作
2025-09-12 23:47:02.070 | INFO | end_button匹配成功，置信度满足阈值0.8
2025-09-12 23:47:02.070 | INFO | end_button点击模拟器右下角坐标: (1230, 670) (模板识别位置: 929, 468)
2025-09-12 23:47:02.200 | INFO | 点击end_button @ (1230, 670) (模板坐标: 929, 468)
2025-09-12 23:47:02.200 | INFO | 第17轮: 点击end_button成功
2025-09-12 23:47:03.550 | INFO | 页面过渡完成，稳定检测次数: 3
2025-09-12 23:47:03.550 | INFO | 页面过渡完成
2025-09-12 23:47:03.990 | INFO | start_button匹配成功，置信度满足阈值0.8
2025-09-12 23:47:04.114 | INFO | 点击start_button @ (1153, 617) (模板坐标: 1143, 602)
2025-09-12 23:47:04.114 | INFO | 第18轮: 点击start_button成功
2025-09-12 23:47:04.509 | INFO | start_button匹配成功，置信度满足阈值0.8
2025-09-12 23:47:04.634 | INFO | 点击start_button @ (1179, 629) (模板坐标: 1143, 602)
2025-09-12 23:47:04.634 | INFO | 第19轮: 点击start_button成功
2025-09-12 23:47:05.541 | INFO | 第21轮: 未找到可点击的按钮，继续搜索...
2025-09-12 23:47:07.342 | DEBUG | 检测到副本攻略状态
2025-09-12 23:47:07.342 | DEBUG | 检测到战斗状态，等待战斗结束
2025-09-12 23:47:07.342 | INFO | 第25轮: 执行战斗操作
2025-09-12 23:47:08.219 | DEBUG | 检测到副本攻略状态
2025-09-12 23:47:08.219 | DEBUG | 检测到战斗状态，等待战斗结束
2025-09-12 23:47:08.219 | INFO | 第26轮: 执行战斗操作
2025-09-12 23:47:09.083 | DEBUG | 检测到副本攻略状态
2025-09-12 23:47:09.083 | DEBUG | 检测到战斗状态，等待战斗结束
2025-09-12 23:47:09.083 | INFO | 第27轮: 执行战斗操作
2025-09-12 23:47:09.973 | DEBUG | 检测到副本攻略状态
2025-09-12 23:47:09.973 | DEBUG | 检测到战斗状态，等待战斗结束
2025-09-12 23:47:09.973 | INFO | 第28轮: 执行战斗操作
2025-09-12 23:47:10.837 | DEBUG | 检测到副本攻略状态
2025-09-12 23:47:10.837 | DEBUG | 检测到战斗状态，等待战斗结束
2025-09-12 23:47:10.837 | INFO | 第29轮: 执行战斗操作
2025-09-12 23:47:11.714 | DEBUG | 检测到副本攻略状态
2025-09-12 23:47:11.714 | DEBUG | 检测到战斗状态，等待战斗结束
2025-09-12 23:47:11.714 | INFO | 第30轮: 执行战斗操作
2025-09-12 23:47:12.548 | DEBUG | 检测到副本攻略状态
2025-09-12 23:47:12.548 | DEBUG | 检测到战斗状态，等待战斗结束
2025-09-12 23:47:12.548 | INFO | 第31轮: 执行战斗操作
2025-09-12 23:47:13.394 | DEBUG | 检测到副本攻略状态
2025-09-12 23:47:13.394 | DEBUG | 检测到战斗状态，等待战斗结束
2025-09-12 23:47:13.394 | INFO | 第32轮: 执行战斗操作
2025-09-12 23:47:14.257 | INFO | end_button匹配成功，置信度满足阈值0.8
2025-09-12 23:47:14.257 | INFO | end_button点击模拟器右下角坐标: (1230, 670) (模板识别位置: 929, 433)
2025-09-12 23:47:14.384 | INFO | 点击end_button @ (1230, 670) (模板坐标: 929, 433)
2025-09-12 23:47:14.384 | INFO | 第33轮: 点击end_button成功
2025-09-12 23:47:15.740 | INFO | 页面过渡完成，稳定检测次数: 3
2025-09-12 23:47:15.740 | INFO | 页面过渡完成
2025-09-12 23:47:16.193 | INFO | start_button匹配成功，置信度满足阈值0.8
2025-09-12 23:47:16.321 | INFO | 点击start_button @ (1190, 619) (模板坐标: 1143, 602)
2025-09-12 23:47:16.321 | INFO | 第34轮: 点击start_button成功
2025-09-12 23:47:16.725 | INFO | start_button匹配成功，置信度满足阈值0.8
2025-09-12 23:47:16.854 | INFO | 点击start_button @ (1187, 598) (模板坐标: 1143, 602)
2025-09-12 23:47:16.854 | INFO | 第35轮: 点击start_button成功
2025-09-12 23:47:19.568 | DEBUG | 检测到副本攻略状态
2025-09-12 23:47:19.568 | DEBUG | 检测到战斗状态，等待战斗结束
2025-09-12 23:47:19.568 | INFO | 第41轮: 执行战斗操作
