2025-09-13 02:00:57.607 | INFO | ==================== 日志系统初始化 ====================
2025-09-13 02:01:04.185 | INFO | 配置已保存到 exploration_config.json
2025-09-13 02:01:04.403 | INFO | 模板目录: templates\exploration\res
2025-09-13 02:01:04.403 | INFO | 模板目录存在: True
2025-09-13 02:01:04.403 | DEBUG | 检查模板文件: templates\exploration\res\res_e_exploration_open.png
2025-09-13 02:01:04.403 | DEBUG | 文件存在，尝试加载: templates\exploration\res\res_e_exploration_open.png
2025-09-13 02:01:04.404 | INFO | 成功加载模板: entrance
2025-09-13 02:01:04.404 | DEBUG | 检查模板文件: templates\exploration\res\res_exploration_title.png
2025-09-13 02:01:04.404 | DEBUG | 文件存在，尝试加载: templates\exploration\res\res_exploration_title.png
2025-09-13 02:01:04.404 | INFO | 成功加载模板: main
2025-09-13 02:01:04.404 | DEBUG | 检查模板文件: templates\exploration\res\res_e_settings_button.png
2025-09-13 02:01:04.404 | DEBUG | 文件存在，尝试加载: templates\exploration\res\res_e_settings_button.png
2025-09-13 02:01:04.405 | INFO | 成功加载模板: settings_button
2025-09-13 02:01:04.405 | DEBUG | 检查模板文件: templates\exploration\res\res_e_exploration_click.png
2025-09-13 02:01:04.405 | DEBUG | 文件存在，尝试加载: templates\exploration\res\res_e_exploration_click.png
2025-09-13 02:01:04.405 | INFO | 成功加载模板: exploration_click
2025-09-13 02:01:04.405 | DEBUG | 检查模板文件: templates\exploration\res\res_e_open_settings.png
2025-09-13 02:01:04.405 | DEBUG | 文件存在，尝试加载: templates\exploration\res\res_e_open_settings.png
2025-09-13 02:01:04.405 | INFO | 成功加载模板: open_settings
2025-09-13 02:01:04.405 | DEBUG | 检查模板文件: templates\exploration\res\res_normal_battle_button.png
2025-09-13 02:01:04.405 | DEBUG | 文件存在，尝试加载: templates\exploration\res\res_normal_battle_button.png
2025-09-13 02:01:04.406 | INFO | 成功加载模板: normal_monster
2025-09-13 02:01:04.406 | DEBUG | 检查模板文件: templates\exploration\res\res_boss_battle_button.png
2025-09-13 02:01:04.406 | DEBUG | 文件存在，尝试加载: templates\exploration\res\res_boss_battle_button.png
2025-09-13 02:01:04.406 | INFO | 成功加载模板: boss_monster
2025-09-13 02:01:04.406 | DEBUG | 检查模板文件: templates\exploration\res\res_battle_start.png
2025-09-13 02:01:04.406 | DEBUG | 文件存在，尝试加载: templates\exploration\res\res_battle_start.png
2025-09-13 02:01:04.406 | INFO | 成功加载模板: battle_start
2025-09-13 02:01:04.406 | DEBUG | 检查模板文件: templates\exploration\res\res_treasure_box_click.png
2025-09-13 02:01:04.406 | DEBUG | 文件存在，尝试加载: templates\exploration\res\res_treasure_box_click.png
2025-09-13 02:01:04.407 | INFO | 成功加载模板: treasure_box
2025-09-13 02:01:04.407 | DEBUG | 检查模板文件: templates\exploration\res\res_get_reward.png
2025-09-13 02:01:04.407 | DEBUG | 文件存在，尝试加载: templates\exploration\res\res_get_reward.png
2025-09-13 02:01:04.407 | INFO | 成功加载模板: get_reward
2025-09-13 02:01:04.407 | DEBUG | 检查模板文件: templates\exploration\res\res_battle_reward.png
2025-09-13 02:01:04.407 | DEBUG | 文件存在，尝试加载: templates\exploration\res\res_battle_reward.png
2025-09-13 02:01:04.407 | INFO | 成功加载模板: battle_reward
2025-09-13 02:01:04.408 | DEBUG | 检查模板文件: templates\exploration\res\res_e_auto_rotate_on.png
2025-09-13 02:01:04.408 | DEBUG | 文件存在，尝试加载: templates\exploration\res\res_e_auto_rotate_on.png
2025-09-13 02:01:04.408 | INFO | 成功加载模板: auto_rotate_on
2025-09-13 02:01:04.408 | DEBUG | 检查模板文件: templates\exploration\res\res_e_auto_rotate_off.png
2025-09-13 02:01:04.408 | DEBUG | 文件存在，尝试加载: templates\exploration\res\res_e_auto_rotate_off.png
2025-09-13 02:01:04.408 | INFO | 成功加载模板: auto_rotate_off
2025-09-13 02:01:04.409 | DEBUG | 检查模板文件: templates\exploration\res\res_e_enter_choose_rarity.png
2025-09-13 02:01:04.409 | DEBUG | 文件存在，尝试加载: templates\exploration\res\res_e_enter_choose_rarity.png
2025-09-13 02:01:04.409 | INFO | 成功加载模板: enter_choose_rarity
2025-09-13 02:01:04.409 | DEBUG | 检查模板文件: templates\exploration\res\res_e_n_rarity.png
2025-09-13 02:01:04.409 | DEBUG | 文件存在，尝试加载: templates\exploration\res\res_e_n_rarity.png
2025-09-13 02:01:04.409 | INFO | 成功加载模板: n_rarity
2025-09-13 02:01:04.410 | DEBUG | 检查模板文件: templates\exploration\res\res_e_s_rarity.png
2025-09-13 02:01:04.410 | DEBUG | 文件存在，尝试加载: templates\exploration\res\res_e_s_rarity.png
2025-09-13 02:01:04.410 | INFO | 成功加载模板: s_rarity
2025-09-13 02:01:04.410 | DEBUG | 检查模板文件: templates\exploration\res\res_e_ratate_exsit.png
2025-09-13 02:01:04.410 | DEBUG | 文件存在，尝试加载: templates\exploration\res\res_e_ratate_exsit.png
2025-09-13 02:01:04.411 | INFO | 成功加载模板: rotate_exist
2025-09-13 02:01:04.411 | DEBUG | 检查模板文件: templates\exploration\res\res_e_sure_button.png
2025-09-13 02:01:04.411 | DEBUG | 文件存在，尝试加载: templates\exploration\res\res_e_sure_button.png
2025-09-13 02:01:04.411 | INFO | 成功加载模板: sure_button
2025-09-13 02:01:04.411 | DEBUG | 检查模板文件: templates\exploration\res\res_team_emoji.png
2025-09-13 02:01:04.411 | DEBUG | 文件存在，尝试加载: templates\exploration\res\res_team_emoji.png
2025-09-13 02:01:04.412 | INFO | 成功加载模板: team_emoji
2025-09-13 02:01:04.412 | DEBUG | 检查模板文件: templates\exploration\res\res_exp_create_team.png
2025-09-13 02:01:04.412 | DEBUG | 文件存在，尝试加载: templates\exploration\res\res_exp_create_team.png
2025-09-13 02:01:04.412 | INFO | 成功加载模板: create_team
2025-09-13 02:01:04.412 | DEBUG | 检查模板文件: templates\exploration\res\res_exp_create_ensure.png
2025-09-13 02:01:04.412 | DEBUG | 文件存在，尝试加载: templates\exploration\res\res_exp_create_ensure.png
2025-09-13 02:01:04.413 | INFO | 成功加载模板: create_ensure
2025-09-13 02:01:04.413 | DEBUG | 检查模板文件: templates\exploration\res\res_swipe_end.png
2025-09-13 02:01:04.413 | DEBUG | 文件存在，尝试加载: templates\exploration\res\res_swipe_end.png
2025-09-13 02:01:04.413 | INFO | 成功加载模板: swipe_end
2025-09-13 02:01:04.413 | DEBUG | 检查模板文件: templates\exploration\res\res_e_exit_confirm.png
2025-09-13 02:01:04.413 | DEBUG | 文件存在，尝试加载: templates\exploration\res\res_e_exit_confirm.png
2025-09-13 02:01:04.413 | INFO | 成功加载模板: exit_confirm
2025-09-13 02:01:04.414 | DEBUG | 检查模板文件: templates\exploration\res\res_red_close.png
2025-09-13 02:01:04.414 | DEBUG | 文件存在，尝试加载: templates\exploration\res\res_red_close.png
2025-09-13 02:01:04.414 | INFO | 成功加载模板: red_close
2025-09-13 02:01:06.168 | INFO | 启动探索任务
2025-09-13 02:01:06.168 | INFO | 
2025-09-13 02:01:06.168 | INFO | >>> 开始任务: 探索任务 <<<
2025-09-13 02:01:06.168 | INFO | 
2025-09-13 02:01:06.168 | INFO | >>> 开始执行探索任务 - 第八章 <<<
2025-09-13 02:01:06.168 | INFO | 检查当前界面状态...
2025-09-13 02:01:06.579 | ERROR | 探索任务执行失败: The truth value of an array with more than one element is ambiguous. Use a.any() or a.all()
2025-09-13 02:01:06.579 | INFO | 
2025-09-13 02:01:06.579 | INFO | >>> 探索任务统计 <<<
2025-09-13 02:01:06.579 | INFO | 任务时长: 0:00:00.410849
2025-09-13 02:01:06.579 | INFO | 战斗次数: 0
2025-09-13 02:01:06.579 | INFO | 经验怪物: 0
2025-09-13 02:01:06.579 | INFO | 金币怪物: 0
2025-09-13 02:01:06.579 | INFO | 达摩怪物: 0
2025-09-13 02:01:06.579 | INFO | 宝箱收集: 0
2025-09-13 02:01:06.579 | INFO | 任务 [探索任务]: 完成 (耗时: 0.41秒)
2025-09-13 02:01:06.580 | ERROR | 探索任务失败
