2025-09-13 01:34:18.255 | INFO | ==================== 日志系统初始化 ====================
2025-09-13 01:34:18.500 | INFO | 模板目录: templates\exploration\res
2025-09-13 01:34:18.500 | INFO | 模板目录存在: True
2025-09-13 01:34:18.500 | DEBUG | 检查模板文件: templates\exploration\res\res_e_exploration_open.png
2025-09-13 01:34:18.501 | DEBUG | 文件存在，尝试加载: templates\exploration\res\res_e_exploration_open.png
2025-09-13 01:34:18.501 | INFO | 成功加载模板: entrance
2025-09-13 01:34:18.501 | DEBUG | 检查模板文件: templates\exploration\res\res_exploration_title.png
2025-09-13 01:34:18.501 | DEBUG | 文件存在，尝试加载: templates\exploration\res\res_exploration_title.png
2025-09-13 01:34:18.502 | INFO | 成功加载模板: main
2025-09-13 01:34:18.502 | DEBUG | 检查模板文件: templates\exploration\res\res_e_settings_button.png
2025-09-13 01:34:18.502 | DEBUG | 文件存在，尝试加载: templates\exploration\res\res_e_settings_button.png
2025-09-13 01:34:18.502 | INFO | 成功加载模板: settings_button
2025-09-13 01:34:18.502 | DEBUG | 检查模板文件: templates\exploration\res\res_e_exploration_click.png
2025-09-13 01:34:18.502 | DEBUG | 文件存在，尝试加载: templates\exploration\res\res_e_exploration_click.png
2025-09-13 01:34:18.502 | INFO | 成功加载模板: exploration_click
2025-09-13 01:34:18.502 | DEBUG | 检查模板文件: templates\exploration\res\res_e_open_settings.png
2025-09-13 01:34:18.502 | DEBUG | 文件存在，尝试加载: templates\exploration\res\res_e_open_settings.png
2025-09-13 01:34:18.503 | INFO | 成功加载模板: open_settings
2025-09-13 01:34:18.503 | DEBUG | 检查模板文件: templates\exploration\res\res_normal_battle_button.png
2025-09-13 01:34:18.503 | DEBUG | 文件存在，尝试加载: templates\exploration\res\res_normal_battle_button.png
2025-09-13 01:34:18.503 | INFO | 成功加载模板: normal_monster
2025-09-13 01:34:18.503 | DEBUG | 检查模板文件: templates\exploration\res\res_boss_battle_button.png
2025-09-13 01:34:18.503 | DEBUG | 文件存在，尝试加载: templates\exploration\res\res_boss_battle_button.png
2025-09-13 01:34:18.503 | INFO | 成功加载模板: boss_monster
2025-09-13 01:34:18.503 | DEBUG | 检查模板文件: templates\exploration\res\res_battle_start.png
2025-09-13 01:34:18.503 | DEBUG | 文件存在，尝试加载: templates\exploration\res\res_battle_start.png
2025-09-13 01:34:18.503 | INFO | 成功加载模板: battle_start
2025-09-13 01:34:18.504 | DEBUG | 检查模板文件: templates\exploration\res\res_treasure_box_click.png
2025-09-13 01:34:18.504 | DEBUG | 文件存在，尝试加载: templates\exploration\res\res_treasure_box_click.png
2025-09-13 01:34:18.504 | INFO | 成功加载模板: treasure_box
2025-09-13 01:34:18.504 | DEBUG | 检查模板文件: templates\exploration\res\res_get_reward.png
2025-09-13 01:34:18.504 | DEBUG | 文件存在，尝试加载: templates\exploration\res\res_get_reward.png
2025-09-13 01:34:18.505 | INFO | 成功加载模板: get_reward
2025-09-13 01:34:18.505 | DEBUG | 检查模板文件: templates\exploration\res\res_battle_reward.png
2025-09-13 01:34:18.505 | DEBUG | 文件存在，尝试加载: templates\exploration\res\res_battle_reward.png
2025-09-13 01:34:18.505 | INFO | 成功加载模板: battle_reward
2025-09-13 01:34:18.506 | DEBUG | 检查模板文件: templates\exploration\res\res_e_auto_rotate_on.png
2025-09-13 01:34:18.506 | DEBUG | 文件存在，尝试加载: templates\exploration\res\res_e_auto_rotate_on.png
2025-09-13 01:34:18.506 | INFO | 成功加载模板: auto_rotate_on
2025-09-13 01:34:18.506 | DEBUG | 检查模板文件: templates\exploration\res\res_e_auto_rotate_off.png
2025-09-13 01:34:18.506 | DEBUG | 文件存在，尝试加载: templates\exploration\res\res_e_auto_rotate_off.png
2025-09-13 01:34:18.506 | INFO | 成功加载模板: auto_rotate_off
2025-09-13 01:34:18.507 | DEBUG | 检查模板文件: templates\exploration\res\res_e_enter_choose_rarity.png
2025-09-13 01:34:18.507 | DEBUG | 文件存在，尝试加载: templates\exploration\res\res_e_enter_choose_rarity.png
2025-09-13 01:34:18.507 | INFO | 成功加载模板: enter_choose_rarity
2025-09-13 01:34:18.507 | DEBUG | 检查模板文件: templates\exploration\res\res_e_n_rarity.png
2025-09-13 01:34:18.507 | DEBUG | 文件存在，尝试加载: templates\exploration\res\res_e_n_rarity.png
2025-09-13 01:34:18.507 | INFO | 成功加载模板: n_rarity
2025-09-13 01:34:18.507 | DEBUG | 检查模板文件: templates\exploration\res\res_e_s_rarity.png
2025-09-13 01:34:18.507 | DEBUG | 文件存在，尝试加载: templates\exploration\res\res_e_s_rarity.png
2025-09-13 01:34:18.507 | INFO | 成功加载模板: s_rarity
2025-09-13 01:34:18.508 | DEBUG | 检查模板文件: templates\exploration\res\res_e_ratate_exsit.png
2025-09-13 01:34:18.508 | DEBUG | 文件存在，尝试加载: templates\exploration\res\res_e_ratate_exsit.png
2025-09-13 01:34:18.508 | INFO | 成功加载模板: rotate_exist
2025-09-13 01:34:18.508 | DEBUG | 检查模板文件: templates\exploration\res\res_e_sure_button.png
2025-09-13 01:34:18.508 | DEBUG | 文件存在，尝试加载: templates\exploration\res\res_e_sure_button.png
2025-09-13 01:34:18.508 | INFO | 成功加载模板: sure_button
2025-09-13 01:34:18.509 | DEBUG | 检查模板文件: templates\exploration\res\res_team_emoji.png
2025-09-13 01:34:18.509 | DEBUG | 文件存在，尝试加载: templates\exploration\res\res_team_emoji.png
2025-09-13 01:34:18.509 | INFO | 成功加载模板: team_emoji
2025-09-13 01:34:18.509 | DEBUG | 检查模板文件: templates\exploration\res\res_exp_create_team.png
2025-09-13 01:34:18.509 | DEBUG | 文件存在，尝试加载: templates\exploration\res\res_exp_create_team.png
2025-09-13 01:34:18.509 | INFO | 成功加载模板: create_team
2025-09-13 01:34:18.509 | DEBUG | 检查模板文件: templates\exploration\res\res_exp_create_ensure.png
2025-09-13 01:34:18.509 | DEBUG | 文件存在，尝试加载: templates\exploration\res\res_exp_create_ensure.png
2025-09-13 01:34:18.510 | INFO | 成功加载模板: create_ensure
2025-09-13 01:34:18.510 | DEBUG | 检查模板文件: templates\exploration\res\res_swipe_end.png
2025-09-13 01:34:18.510 | DEBUG | 文件存在，尝试加载: templates\exploration\res\res_swipe_end.png
2025-09-13 01:34:18.510 | INFO | 成功加载模板: swipe_end
2025-09-13 01:34:18.510 | DEBUG | 检查模板文件: templates\exploration\res\res_e_exit_confirm.png
2025-09-13 01:34:18.511 | DEBUG | 文件存在，尝试加载: templates\exploration\res\res_e_exit_confirm.png
2025-09-13 01:34:18.511 | INFO | 成功加载模板: exit_confirm
2025-09-13 01:34:18.511 | DEBUG | 检查模板文件: templates\exploration\res\res_red_close.png
2025-09-13 01:34:18.511 | DEBUG | 文件存在，尝试加载: templates\exploration\res\res_red_close.png
2025-09-13 01:34:18.511 | INFO | 成功加载模板: red_close
2025-09-13 01:34:18.511 | INFO | 模板目录: templates\exploration\res
2025-09-13 01:34:18.511 | INFO | 模板目录存在: True
2025-09-13 01:34:18.511 | DEBUG | 检查模板文件: templates\exploration\res\res_e_exploration_open.png
2025-09-13 01:34:18.512 | DEBUG | 文件存在，尝试加载: templates\exploration\res\res_e_exploration_open.png
2025-09-13 01:34:18.512 | INFO | 成功加载模板: entrance
2025-09-13 01:34:18.512 | DEBUG | 检查模板文件: templates\exploration\res\res_exploration_title.png
2025-09-13 01:34:18.512 | DEBUG | 文件存在，尝试加载: templates\exploration\res\res_exploration_title.png
2025-09-13 01:34:18.512 | INFO | 成功加载模板: main
2025-09-13 01:34:18.512 | DEBUG | 检查模板文件: templates\exploration\res\res_e_settings_button.png
2025-09-13 01:34:18.512 | DEBUG | 文件存在，尝试加载: templates\exploration\res\res_e_settings_button.png
2025-09-13 01:34:18.512 | INFO | 成功加载模板: settings_button
2025-09-13 01:34:18.512 | DEBUG | 检查模板文件: templates\exploration\res\res_e_exploration_click.png
2025-09-13 01:34:18.512 | DEBUG | 文件存在，尝试加载: templates\exploration\res\res_e_exploration_click.png
2025-09-13 01:34:18.513 | INFO | 成功加载模板: exploration_click
2025-09-13 01:34:18.513 | DEBUG | 检查模板文件: templates\exploration\res\res_e_open_settings.png
2025-09-13 01:34:18.513 | DEBUG | 文件存在，尝试加载: templates\exploration\res\res_e_open_settings.png
2025-09-13 01:34:18.513 | INFO | 成功加载模板: open_settings
2025-09-13 01:34:18.513 | DEBUG | 检查模板文件: templates\exploration\res\res_normal_battle_button.png
2025-09-13 01:34:18.514 | DEBUG | 文件存在，尝试加载: templates\exploration\res\res_normal_battle_button.png
2025-09-13 01:34:18.514 | INFO | 成功加载模板: normal_monster
2025-09-13 01:34:18.514 | DEBUG | 检查模板文件: templates\exploration\res\res_boss_battle_button.png
2025-09-13 01:34:18.514 | DEBUG | 文件存在，尝试加载: templates\exploration\res\res_boss_battle_button.png
2025-09-13 01:34:18.514 | INFO | 成功加载模板: boss_monster
2025-09-13 01:34:18.514 | DEBUG | 检查模板文件: templates\exploration\res\res_battle_start.png
2025-09-13 01:34:18.514 | DEBUG | 文件存在，尝试加载: templates\exploration\res\res_battle_start.png
2025-09-13 01:34:18.514 | INFO | 成功加载模板: battle_start
2025-09-13 01:34:18.514 | DEBUG | 检查模板文件: templates\exploration\res\res_treasure_box_click.png
2025-09-13 01:34:18.514 | DEBUG | 文件存在，尝试加载: templates\exploration\res\res_treasure_box_click.png
2025-09-13 01:34:18.515 | INFO | 成功加载模板: treasure_box
2025-09-13 01:34:18.515 | DEBUG | 检查模板文件: templates\exploration\res\res_get_reward.png
2025-09-13 01:34:18.515 | DEBUG | 文件存在，尝试加载: templates\exploration\res\res_get_reward.png
2025-09-13 01:34:18.515 | INFO | 成功加载模板: get_reward
2025-09-13 01:34:18.515 | DEBUG | 检查模板文件: templates\exploration\res\res_battle_reward.png
2025-09-13 01:34:18.515 | DEBUG | 文件存在，尝试加载: templates\exploration\res\res_battle_reward.png
2025-09-13 01:34:18.515 | INFO | 成功加载模板: battle_reward
2025-09-13 01:34:18.516 | DEBUG | 检查模板文件: templates\exploration\res\res_e_auto_rotate_on.png
2025-09-13 01:34:18.516 | DEBUG | 文件存在，尝试加载: templates\exploration\res\res_e_auto_rotate_on.png
2025-09-13 01:34:18.516 | INFO | 成功加载模板: auto_rotate_on
2025-09-13 01:34:18.516 | DEBUG | 检查模板文件: templates\exploration\res\res_e_auto_rotate_off.png
2025-09-13 01:34:18.516 | DEBUG | 文件存在，尝试加载: templates\exploration\res\res_e_auto_rotate_off.png
2025-09-13 01:34:18.516 | INFO | 成功加载模板: auto_rotate_off
2025-09-13 01:34:18.516 | DEBUG | 检查模板文件: templates\exploration\res\res_e_enter_choose_rarity.png
2025-09-13 01:34:18.516 | DEBUG | 文件存在，尝试加载: templates\exploration\res\res_e_enter_choose_rarity.png
2025-09-13 01:34:18.516 | INFO | 成功加载模板: enter_choose_rarity
2025-09-13 01:34:18.517 | DEBUG | 检查模板文件: templates\exploration\res\res_e_n_rarity.png
2025-09-13 01:34:18.517 | DEBUG | 文件存在，尝试加载: templates\exploration\res\res_e_n_rarity.png
2025-09-13 01:34:18.517 | INFO | 成功加载模板: n_rarity
2025-09-13 01:34:18.517 | DEBUG | 检查模板文件: templates\exploration\res\res_e_s_rarity.png
2025-09-13 01:34:18.517 | DEBUG | 文件存在，尝试加载: templates\exploration\res\res_e_s_rarity.png
2025-09-13 01:34:18.517 | INFO | 成功加载模板: s_rarity
2025-09-13 01:34:18.517 | DEBUG | 检查模板文件: templates\exploration\res\res_e_ratate_exsit.png
2025-09-13 01:34:18.517 | DEBUG | 文件存在，尝试加载: templates\exploration\res\res_e_ratate_exsit.png
2025-09-13 01:34:18.518 | INFO | 成功加载模板: rotate_exist
2025-09-13 01:34:18.518 | DEBUG | 检查模板文件: templates\exploration\res\res_e_sure_button.png
2025-09-13 01:34:18.518 | DEBUG | 文件存在，尝试加载: templates\exploration\res\res_e_sure_button.png
2025-09-13 01:34:18.518 | INFO | 成功加载模板: sure_button
2025-09-13 01:34:18.518 | DEBUG | 检查模板文件: templates\exploration\res\res_team_emoji.png
2025-09-13 01:34:18.518 | DEBUG | 文件存在，尝试加载: templates\exploration\res\res_team_emoji.png
2025-09-13 01:34:18.518 | INFO | 成功加载模板: team_emoji
2025-09-13 01:34:18.518 | DEBUG | 检查模板文件: templates\exploration\res\res_exp_create_team.png
2025-09-13 01:34:18.518 | DEBUG | 文件存在，尝试加载: templates\exploration\res\res_exp_create_team.png
2025-09-13 01:34:18.518 | INFO | 成功加载模板: create_team
2025-09-13 01:34:18.519 | DEBUG | 检查模板文件: templates\exploration\res\res_exp_create_ensure.png
2025-09-13 01:34:18.519 | DEBUG | 文件存在，尝试加载: templates\exploration\res\res_exp_create_ensure.png
2025-09-13 01:34:18.519 | INFO | 成功加载模板: create_ensure
2025-09-13 01:34:18.519 | DEBUG | 检查模板文件: templates\exploration\res\res_swipe_end.png
2025-09-13 01:34:18.519 | DEBUG | 文件存在，尝试加载: templates\exploration\res\res_swipe_end.png
2025-09-13 01:34:18.520 | INFO | 成功加载模板: swipe_end
2025-09-13 01:34:18.520 | DEBUG | 检查模板文件: templates\exploration\res\res_e_exit_confirm.png
2025-09-13 01:34:18.520 | DEBUG | 文件存在，尝试加载: templates\exploration\res\res_e_exit_confirm.png
2025-09-13 01:34:18.520 | INFO | 成功加载模板: exit_confirm
2025-09-13 01:34:18.521 | DEBUG | 检查模板文件: templates\exploration\res\res_red_close.png
2025-09-13 01:34:18.521 | DEBUG | 文件存在，尝试加载: templates\exploration\res\res_red_close.png
2025-09-13 01:34:18.521 | INFO | 成功加载模板: red_close
