2025-09-12 23:43:21.447 | INFO | ==================== 日志系统初始化 ====================
2025-09-12 23:43:21.649 | INFO | 加载模板: start_button -> templates\start_button.png
2025-09-12 23:43:21.649 | INFO | 加载模板: end_button -> templates\end_button.png
2025-09-12 23:43:21.650 | INFO | 加载模板: battle_icon -> templates\battle\battle_icon.png
2025-09-12 23:43:21.650 | INFO | 注册任务: 周年庆活动
2025-09-12 23:43:23.399 | INFO | 
2025-09-12 23:43:23.399 | INFO | >>> 开始任务: 周年庆活动 <<<
2025-09-12 23:43:23.399 | INFO | 
2025-09-12 23:43:23.399 | INFO | >>> 开始执行周年庆活动任务 <<<
2025-09-12 23:43:23.957 | INFO | start_button匹配成功，置信度满足阈值0.8
2025-09-12 23:43:24.090 | INFO | 点击start_button @ (1180, 657) (模板坐标: 1143, 602)
2025-09-12 23:43:24.090 | INFO | 第1轮: 点击start_button成功
2025-09-12 23:43:24.616 | INFO | start_button匹配成功，置信度满足阈值0.8
2025-09-12 23:43:24.747 | INFO | 点击start_button @ (1174, 629) (模板坐标: 1143, 602)
2025-09-12 23:43:24.747 | INFO | 第2轮: 点击start_button成功
2025-09-12 23:43:27.754 | DEBUG | 检测到副本攻略状态
2025-09-12 23:43:27.754 | DEBUG | 检测到战斗状态，等待战斗结束
2025-09-12 23:43:27.754 | INFO | 第7轮: 执行战斗操作
2025-09-12 23:43:28.777 | DEBUG | 检测到副本攻略状态
2025-09-12 23:43:28.777 | DEBUG | 检测到战斗状态，等待战斗结束
2025-09-12 23:43:28.777 | INFO | 第8轮: 执行战斗操作
2025-09-12 23:43:29.821 | DEBUG | 检测到副本攻略状态
2025-09-12 23:43:29.821 | DEBUG | 检测到战斗状态，等待战斗结束
2025-09-12 23:43:29.821 | INFO | 第9轮: 执行战斗操作
2025-09-12 23:43:30.867 | DEBUG | 检测到副本攻略状态
2025-09-12 23:43:30.867 | DEBUG | 检测到战斗状态，等待战斗结束
2025-09-12 23:43:30.867 | INFO | 第10轮: 执行战斗操作
2025-09-12 23:43:31.897 | DEBUG | 检测到副本攻略状态
2025-09-12 23:43:31.897 | DEBUG | 检测到战斗状态，等待战斗结束
2025-09-12 23:43:31.897 | INFO | 第11轮: 执行战斗操作
2025-09-12 23:43:32.870 | DEBUG | 检测到副本攻略状态
2025-09-12 23:43:32.870 | DEBUG | 检测到战斗状态，等待战斗结束
2025-09-12 23:43:32.870 | INFO | 第12轮: 执行战斗操作
2025-09-12 23:43:34.390 | INFO | end_button匹配成功，置信度满足阈值0.8
2025-09-12 23:43:34.390 | INFO | end_button点击模拟器右下角坐标: (1230, 670) (模板识别位置: 929, 436)
2025-09-12 23:43:34.521 | INFO | 点击end_button @ (1230, 670) (模板坐标: 929, 436)
2025-09-12 23:43:34.521 | INFO | 第14轮: 点击end_button成功
2025-09-12 23:43:34.521 | ERROR | 等待页面过渡时出错: 'Screenshot' object has no attribute 'capture'
2025-09-12 23:43:34.521 | INFO | 页面仍在过渡中，继续等待
2025-09-12 23:43:35.597 | INFO | start_button匹配成功，置信度满足阈值0.8
2025-09-12 23:43:35.726 | INFO | 点击start_button @ (1140, 597) (模板坐标: 1143, 602)
2025-09-12 23:43:35.726 | INFO | 第16轮: 点击start_button成功
2025-09-12 23:43:36.259 | INFO | start_button匹配成功，置信度满足阈值0.8
2025-09-12 23:43:36.382 | INFO | 点击start_button @ (1138, 618) (模板坐标: 1143, 602)
2025-09-12 23:43:36.382 | INFO | 第17轮: 点击start_button成功
2025-09-12 23:43:38.868 | INFO | 第21轮: 未找到可点击的按钮，继续搜索...
2025-09-12 23:43:39.386 | DEBUG | 检测到副本攻略状态
2025-09-12 23:43:39.386 | DEBUG | 检测到战斗状态，等待战斗结束
2025-09-12 23:43:39.386 | INFO | 第22轮: 执行战斗操作
2025-09-12 23:43:40.427 | DEBUG | 检测到副本攻略状态
2025-09-12 23:43:40.427 | DEBUG | 检测到战斗状态，等待战斗结束
2025-09-12 23:43:40.427 | INFO | 第23轮: 执行战斗操作
2025-09-12 23:43:41.499 | DEBUG | 检测到副本攻略状态
2025-09-12 23:43:41.500 | DEBUG | 检测到战斗状态，等待战斗结束
2025-09-12 23:43:41.500 | INFO | 第24轮: 执行战斗操作
2025-09-12 23:43:42.510 | DEBUG | 检测到副本攻略状态
2025-09-12 23:43:42.510 | DEBUG | 检测到战斗状态，等待战斗结束
2025-09-12 23:43:42.510 | INFO | 第25轮: 执行战斗操作
2025-09-12 23:43:43.524 | DEBUG | 检测到副本攻略状态
2025-09-12 23:43:43.524 | DEBUG | 检测到战斗状态，等待战斗结束
2025-09-12 23:43:43.524 | INFO | 第26轮: 执行战斗操作
2025-09-12 23:43:44.529 | DEBUG | 检测到副本攻略状态
2025-09-12 23:43:44.529 | DEBUG | 检测到战斗状态，等待战斗结束
2025-09-12 23:43:44.529 | INFO | 第27轮: 执行战斗操作
2025-09-12 23:43:45.541 | DEBUG | 检测到副本攻略状态
2025-09-12 23:43:45.541 | DEBUG | 检测到战斗状态，等待战斗结束
2025-09-12 23:43:45.541 | INFO | 第28轮: 执行战斗操作
2025-09-12 23:43:46.534 | INFO | end_button匹配成功，置信度满足阈值0.8
2025-09-12 23:43:46.534 | INFO | end_button点击模拟器右下角坐标: (1230, 670) (模板识别位置: 929, 473)
2025-09-12 23:43:46.667 | INFO | 点击end_button @ (1230, 670) (模板坐标: 929, 473)
2025-09-12 23:43:46.667 | INFO | 第29轮: 点击end_button成功
2025-09-12 23:43:46.667 | ERROR | 等待页面过渡时出错: 'Screenshot' object has no attribute 'capture'
2025-09-12 23:43:46.667 | INFO | 页面仍在过渡中，继续等待
2025-09-12 23:43:47.762 | INFO | start_button匹配成功，置信度满足阈值0.8
2025-09-12 23:43:47.885 | INFO | 点击start_button @ (1139, 646) (模板坐标: 1143, 602)
2025-09-12 23:43:47.885 | INFO | 第31轮: 点击start_button成功
2025-09-12 23:43:48.424 | INFO | start_button匹配成功，置信度满足阈值0.8
2025-09-12 23:43:48.544 | INFO | 点击start_button @ (1163, 656) (模板坐标: 1143, 602)
2025-09-12 23:43:48.544 | INFO | 第32轮: 点击start_button成功
2025-09-12 23:43:51.455 | DEBUG | 检测到副本攻略状态
2025-09-12 23:43:51.455 | DEBUG | 检测到战斗状态，等待战斗结束
2025-09-12 23:43:51.455 | INFO | 第37轮: 执行战斗操作
2025-09-12 23:43:52.442 | DEBUG | 检测到副本攻略状态
2025-09-12 23:43:52.442 | DEBUG | 检测到战斗状态，等待战斗结束
2025-09-12 23:43:52.442 | INFO | 第38轮: 执行战斗操作
2025-09-12 23:43:53.476 | DEBUG | 检测到副本攻略状态
2025-09-12 23:43:53.476 | DEBUG | 检测到战斗状态，等待战斗结束
2025-09-12 23:43:53.476 | INFO | 第39轮: 执行战斗操作
2025-09-12 23:43:54.503 | DEBUG | 检测到副本攻略状态
2025-09-12 23:43:54.503 | DEBUG | 检测到战斗状态，等待战斗结束
2025-09-12 23:43:54.503 | INFO | 第40轮: 执行战斗操作
2025-09-12 23:43:55.528 | DEBUG | 检测到副本攻略状态
2025-09-12 23:43:55.528 | DEBUG | 检测到战斗状态，等待战斗结束
2025-09-12 23:43:55.528 | INFO | 第41轮: 执行战斗操作
2025-09-12 23:43:56.535 | DEBUG | 检测到副本攻略状态
2025-09-12 23:43:56.535 | DEBUG | 检测到战斗状态，等待战斗结束
2025-09-12 23:43:56.535 | INFO | 第42轮: 执行战斗操作
2025-09-12 23:43:57.981 | INFO | end_button匹配成功，置信度满足阈值0.8
2025-09-12 23:43:57.981 | INFO | end_button点击模拟器右下角坐标: (1230, 670) (模板识别位置: 929, 436)
2025-09-12 23:43:58.105 | INFO | 点击end_button @ (1230, 670) (模板坐标: 929, 436)
2025-09-12 23:43:58.105 | INFO | 第44轮: 点击end_button成功
2025-09-12 23:43:58.105 | ERROR | 等待页面过渡时出错: 'Screenshot' object has no attribute 'capture'
2025-09-12 23:43:58.105 | INFO | 页面仍在过渡中，继续等待
2025-09-12 23:43:59.132 | INFO | start_button匹配成功，置信度满足阈值0.8
2025-09-12 23:43:59.256 | INFO | 点击start_button @ (1143, 652) (模板坐标: 1143, 602)
2025-09-12 23:43:59.257 | INFO | 第46轮: 点击start_button成功
2025-09-12 23:43:59.812 | INFO | start_button匹配成功，置信度满足阈值0.8
2025-09-12 23:43:59.936 | INFO | 点击start_button @ (1146, 646) (模板坐标: 1143, 602)
2025-09-12 23:43:59.936 | INFO | 第47轮: 点击start_button成功
2025-09-12 23:44:02.437 | INFO | 第51轮: 未找到可点击的按钮，继续搜索...
2025-09-12 23:44:02.996 | DEBUG | 检测到副本攻略状态
2025-09-12 23:44:02.996 | DEBUG | 检测到战斗状态，等待战斗结束
2025-09-12 23:44:02.996 | INFO | 第52轮: 执行战斗操作
2025-09-12 23:44:04.029 | DEBUG | 检测到副本攻略状态
2025-09-12 23:44:04.029 | DEBUG | 检测到战斗状态，等待战斗结束
2025-09-12 23:44:04.029 | INFO | 第53轮: 执行战斗操作
2025-09-12 23:44:05.082 | DEBUG | 检测到副本攻略状态
2025-09-12 23:44:05.083 | DEBUG | 检测到战斗状态，等待战斗结束
2025-09-12 23:44:05.083 | INFO | 第54轮: 执行战斗操作
2025-09-12 23:44:06.122 | DEBUG | 检测到副本攻略状态
2025-09-12 23:44:06.123 | DEBUG | 检测到战斗状态，等待战斗结束
2025-09-12 23:44:06.123 | INFO | 第55轮: 执行战斗操作
2025-09-12 23:44:07.116 | DEBUG | 检测到副本攻略状态
2025-09-12 23:44:07.116 | DEBUG | 检测到战斗状态，等待战斗结束
2025-09-12 23:44:07.117 | INFO | 第56轮: 执行战斗操作
2025-09-12 23:44:08.123 | DEBUG | 检测到副本攻略状态
2025-09-12 23:44:08.123 | DEBUG | 检测到战斗状态，等待战斗结束
2025-09-12 23:44:08.123 | INFO | 第57轮: 执行战斗操作
2025-09-12 23:44:09.635 | INFO | end_button匹配成功，置信度满足阈值0.8
2025-09-12 23:44:09.635 | INFO | end_button点击模拟器右下角坐标: (1230, 670) (模板识别位置: 929, 435)
2025-09-12 23:44:09.761 | INFO | 点击end_button @ (1230, 670) (模板坐标: 929, 435)
2025-09-12 23:44:09.761 | INFO | 第59轮: 点击end_button成功
2025-09-12 23:44:09.762 | ERROR | 等待页面过渡时出错: 'Screenshot' object has no attribute 'capture'
2025-09-12 23:44:09.762 | INFO | 页面仍在过渡中，继续等待
2025-09-12 23:44:10.814 | INFO | start_button匹配成功，置信度满足阈值0.8
2025-09-12 23:44:10.939 | INFO | 点击start_button @ (1173, 617) (模板坐标: 1143, 602)
2025-09-12 23:44:10.939 | INFO | 第61轮: 点击start_button成功
2025-09-12 23:44:11.491 | INFO | start_button匹配成功，置信度满足阈值0.8
2025-09-12 23:44:11.615 | INFO | 点击start_button @ (1173, 614) (模板坐标: 1143, 602)
2025-09-12 23:44:11.615 | INFO | 第62轮: 点击start_button成功
2025-09-12 23:44:14.592 | DEBUG | 检测到副本攻略状态
2025-09-12 23:44:14.592 | DEBUG | 检测到战斗状态，等待战斗结束
2025-09-12 23:44:14.592 | INFO | 第67轮: 执行战斗操作
2025-09-12 23:44:15.633 | DEBUG | 检测到副本攻略状态
2025-09-12 23:44:15.633 | DEBUG | 检测到战斗状态，等待战斗结束
2025-09-12 23:44:15.633 | INFO | 第68轮: 执行战斗操作
2025-09-12 23:44:16.675 | DEBUG | 检测到副本攻略状态
2025-09-12 23:44:16.675 | DEBUG | 检测到战斗状态，等待战斗结束
2025-09-12 23:44:16.675 | INFO | 第69轮: 执行战斗操作
2025-09-12 23:44:17.759 | DEBUG | 检测到副本攻略状态
2025-09-12 23:44:17.759 | DEBUG | 检测到战斗状态，等待战斗结束
2025-09-12 23:44:17.760 | INFO | 第70轮: 执行战斗操作
2025-09-12 23:44:18.809 | DEBUG | 检测到副本攻略状态
2025-09-12 23:44:18.809 | DEBUG | 检测到战斗状态，等待战斗结束
2025-09-12 23:44:18.809 | INFO | 第71轮: 执行战斗操作
2025-09-12 23:44:19.817 | DEBUG | 检测到副本攻略状态
2025-09-12 23:44:19.817 | DEBUG | 检测到战斗状态，等待战斗结束
2025-09-12 23:44:19.817 | INFO | 第72轮: 执行战斗操作
2025-09-12 23:44:20.847 | INFO | end_button匹配成功，置信度满足阈值0.8
2025-09-12 23:44:20.847 | INFO | end_button点击模拟器右下角坐标: (1230, 670) (模板识别位置: 929, 433)
2025-09-12 23:44:20.977 | INFO | 点击end_button @ (1230, 670) (模板坐标: 929, 433)
2025-09-12 23:44:20.977 | INFO | 第73轮: 点击end_button成功
2025-09-12 23:44:20.977 | ERROR | 等待页面过渡时出错: 'Screenshot' object has no attribute 'capture'
2025-09-12 23:44:20.977 | INFO | 页面仍在过渡中，继续等待
2025-09-12 23:44:21.963 | INFO | start_button匹配成功，置信度满足阈值0.8
2025-09-12 23:44:22.085 | INFO | 点击start_button @ (1175, 655) (模板坐标: 1143, 602)
2025-09-12 23:44:22.085 | INFO | 第75轮: 点击start_button成功
2025-09-12 23:44:22.627 | INFO | start_button匹配成功，置信度满足阈值0.8
2025-09-12 23:44:22.756 | INFO | 点击start_button @ (1162, 623) (模板坐标: 1143, 602)
2025-09-12 23:44:22.756 | INFO | 第76轮: 点击start_button成功
